<?xml version="1.0" encoding="UTF-8"?>
<!-- Generated by org.testng.reporters.JUnitXMLReporter -->
<testsuite hostname="alexandra-System-Product-Name" name="Default test" tests="8" failures="0" timestamp="17 Dec 2014 19:34:02 GMT" time="424.177" errors="0">
  <testcase name="presentationScaleMove" time="33.739" classname="test.java.WebinarTest"/>
  <testcase name="slidesPresentation" time="40.771" classname="test.java.WebinarTest"/>
  <testcase name="upload200PagesPresentation" time="29.916" classname="test.java.WebinarTest"/>
  <testcase name="uploadBigPresentation" time="28.844" classname="test.java.WebinarTest"/>
  <testcase name="uploadPresentation" time="68.712" classname="test.java.WebinarTest"/>
  <testcase name="uploadWrongPresentation" time="28.804" classname="test.java.WebinarTest"/>
  <testcase name="videoTabPermiss" time="29.706" classname="test.java.WebinarTest"/>
  <testcase name="zdeletePresentation" time="34.475" classname="test.java.WebinarTest"/>
</testsuite> <!-- Default test -->
