<?xml version="1.0" encoding="UTF-8"?>
<!-- Generated by org.testng.reporters.JUnitXMLReporter -->
<testsuite hostname="Calculator" name="TestLog" tests="5" failures="0" timestamp="22 Feb 2013 12:33:44 GMT" time="41.743" errors="0">
  <testcase name="invalidLoginNoEmail" time="6.927" classname="test.java.LoginTest"/>
  <testcase name="invalidLoginNoPass" time="4.774" classname="test.java.LoginTest"/>
  <testcase name="invalidLoginWrongEmail" time="4.174" classname="test.java.LoginTest"/>
  <testcase name="invalidLoginWrongPass" time="4.858" classname="test.java.LoginTest"/>
  <testcase name="validLogin" time="10.92" classname="test.java.LoginTest"/>
</testsuite> <!-- TestLog -->
